Connecting to database specified by database.yml
Connecting to database specified by database.yml


Started GET "/" for 127.0.0.1 at Tue Dec 18 13:41:12 +0100 2012


Started POST "/welcome/login" for 127.0.0.1 at Tue Dec 18 13:41:17 +0100 2012
Ack_port : 3001


Started GET "/waiting/1" for 127.0.0.1 at Tue Dec 18 13:41:17 +0100 2012
Peer hello@localhost:10000 : Server is a WLInstance.

Peer hello@localhost:10000 : HELLO is running Wepic on port 10000

Peer hello@localhost:10000 : Faraday: you may want to install system_timer for reliable timeouts

Peer hello@localhost:10000 : => Booting Thin

Peer hello@localhost:10000 : => Rails 3.2.8 application starting in development on http://0.0.0.0:10000

Peer hello@localhost:10000 : => Call with -d to detach

Peer hello@localhost:10000 : => Ctrl-C to shutdown server



Started GET "/waiting/confirm/1?id=1" for 127.0.0.1 at Tue Dec 18 13:41:19 +0100 2012
Connecting to database specified by database.yml
Peer hello@localhost:10000 : >> Thin web server (v1.5.0 codename Knife)

Peer hello@localhost:10000 : >> Maximum connections set to 1024

Peer hello@localhost:10000 : >> Listening on 0.0.0.0:10000, CTRL+C to stop

Port 10000 ready



Started GET "/waiting/confirm/1?id=1" for 127.0.0.1 at Tue Dec 18 13:41:22 +0100 2012


Started GET "/" for 127.0.0.1 at Tue Dec 18 13:41:22 +0100 2012

ActionController::RoutingError (undefined method `create_or_connect_db' for #<Class:0xb60e8934>):
  app/models/user.rb:6
  app/controllers/users_controller.rb:3
  config/initializers/quiet_assets.rb:7:in `call'


Peer hello@localhost:10000 : Peer hello@localhost:10000 : >> Thin web server (v1.5.0 codename Knife)

Peer hello@localhost:10000 : 

Peer hello@localhost:10000 : Peer hello@localhost:10000 : >> Maximum connections set to 1024

Peer hello@localhost:10000 : 

Peer hello@localhost:10000 : Peer hello@localhost:10000 : >> Listening on 0.0.0.0:10000, CTRL+C to stop

Peer hello@localhost:10000 : 

Peer hello@localhost:10000 : Port 10000 ready

Peer hello@localhost:10000 : 

Peer hello@localhost:10000 : 

Peer hello@localhost:10000 : 

Peer hello@localhost:10000 : Started GET "/waiting/confirm/1?id=1" for 127.0.0.1 at Tue Dec 18 13:41:22 +0100 2012

Peer hello@localhost:10000 : 

Peer hello@localhost:10000 : 

Peer hello@localhost:10000 : Started GET "/" for 127.0.0.1 at Tue Dec 18 13:41:22 +0100 2012

Peer hello@localhost:10000 : 

Peer hello@localhost:10000 : ActionController::RoutingError (undefined method `create_or_connect_db' for #<Class:0xb60e8934>):

Peer hello@localhost:10000 :   app/models/user.rb:6

Peer hello@localhost:10000 :   app/controllers/users_controller.rb:3

Peer hello@localhost:10000 :   config/initializers/quiet_assets.rb:7:in `call'

Peer hello@localhost:10000 : 

Peer hello@localhost:10000 : 

Connecting to database specified by database.yml
Connecting to database specified by database.yml


Started GET "/" for 127.0.0.1 at Tue Dec 18 13:45:00 +0100 2012


Started POST "/welcome/login" for 127.0.0.1 at Tue Dec 18 13:45:04 +0100 2012
Ack_port : 3001


Started GET "/waiting/1" for 127.0.0.1 at Tue Dec 18 13:45:05 +0100 2012
Peer SXQSQ@localhost:10000 : Server is a WLInstance.

Peer SXQSQ@localhost:10000 : SXQSQ is running Wepic on port 10000

Peer SXQSQ@localhost:10000 : Faraday: you may want to install system_timer for reliable timeouts



Started GET "/waiting/confirm/1?id=1" for 127.0.0.1 at Tue Dec 18 13:45:06 +0100 2012
Peer SXQSQ@localhost:10000 : => Booting Thin

Peer SXQSQ@localhost:10000 : => Rails 3.2.8 application starting in development on http://0.0.0.0:10000

Peer SXQSQ@localhost:10000 : => Call with -d to detach

Peer SXQSQ@localhost:10000 : => Ctrl-C to shutdown server

Connecting to database specified by database.yml
Peer SXQSQ@localhost:10000 : >> Thin web server (v1.5.0 codename Knife)

Peer SXQSQ@localhost:10000 : >> Maximum connections set to 1024

Peer SXQSQ@localhost:10000 : >> Listening on 0.0.0.0:10000, CTRL+C to stop

Port 10000 ready



Started GET "/waiting/confirm/1?id=1" for 127.0.0.1 at Tue Dec 18 13:45:09 +0100 2012


Started GET "/" for 127.0.0.1 at Tue Dec 18 13:45:09 +0100 2012

ActionController::RoutingError (undefined method `create_or_connect_db' for #<Class:0xb60c59d4>):
  app/models/user.rb:6
  app/controllers/users_controller.rb:3
  config/initializers/quiet_assets.rb:7:in `call'


Peer SXQSQ@localhost:10000 : Peer SXQSQ@localhost:10000 : >> Thin web server (v1.5.0 codename Knife)

Peer SXQSQ@localhost:10000 : 

Peer SXQSQ@localhost:10000 : Peer SXQSQ@localhost:10000 : >> Maximum connections set to 1024

Peer SXQSQ@localhost:10000 : 

Peer SXQSQ@localhost:10000 : Peer SXQSQ@localhost:10000 : >> Listening on 0.0.0.0:10000, CTRL+C to stop

Peer SXQSQ@localhost:10000 : 

Peer SXQSQ@localhost:10000 : Port 10000 ready

Peer SXQSQ@localhost:10000 : 

Peer SXQSQ@localhost:10000 : 

Peer SXQSQ@localhost:10000 : 

Peer SXQSQ@localhost:10000 : Started GET "/waiting/confirm/1?id=1" for 127.0.0.1 at Tue Dec 18 13:45:09 +0100 2012

Peer SXQSQ@localhost:10000 : 

Peer SXQSQ@localhost:10000 : 

Peer SXQSQ@localhost:10000 : Started GET "/" for 127.0.0.1 at Tue Dec 18 13:45:09 +0100 2012

Peer SXQSQ@localhost:10000 : 

Peer SXQSQ@localhost:10000 : ActionController::RoutingError (undefined method `create_or_connect_db' for #<Class:0xb60c59d4>):

Peer SXQSQ@localhost:10000 :   app/models/user.rb:6

Peer SXQSQ@localhost:10000 :   app/controllers/users_controller.rb:3

Peer SXQSQ@localhost:10000 :   config/initializers/quiet_assets.rb:7:in `call'

Peer SXQSQ@localhost:10000 : 

Peer SXQSQ@localhost:10000 : 

Connecting to database specified by database.yml
Connecting to database specified by database.yml
Connecting to database specified by database.yml
Connecting to database specified by database.yml
Connecting to database specified by database.yml
Connecting to database specified by database.yml
Connecting to database specified by database.yml
Connecting to database specified by database.yml
Connecting to database specified by database.yml
Connecting to database specified by database.yml
Connecting to database specified by database.yml
Connecting to database specified by database.yml
Connecting to database specified by database.yml
Connecting to database specified by database.yml
Connecting to database specified by database.yml
Connecting to database specified by database.yml
Connecting to database specified by database.yml
Connecting to database specified by database.yml
Connecting to database specified by database.yml
