# Logfile created on Tue Dec 18 13:40:53 +0100 2012 by logger.rb/1.2.6
I, [2012-12-18T13:41:13.091471 #28852]  INFO -- : Processing by WelcomeController#index as HTML
I, [2012-12-18T13:41:13.127055 #28852]  INFO -- :   Rendered welcome/_login.html.erb (1.6ms)
I, [2012-12-18T13:41:13.127976 #28852]  INFO -- :   Rendered welcome/_list.html.erb (0.4ms)
I, [2012-12-18T13:41:13.128697 #28852]  INFO -- :   Rendered welcome/index.html.erb within layouts/application (6.2ms)
I, [2012-12-18T13:41:13.452369 #28852]  INFO -- : Completed 200 OK in 361ms (Views: 211.0ms)
I, [2012-12-18T13:41:17.693163 #28852]  INFO -- : Processing by WelcomeController#login as HTML
I, [2012-12-18T13:41:17.693534 #28852]  INFO -- :   Parameters: {"username"=>"hello", "commit"=>"Go!", "utf8"=>"✓", "authenticity_token"=>"m/VEuim9FC/a7uLKu8T/8MNpg6XecZmhtBnyVEqzxVc="}
I, [2012-12-18T13:41:17.778874 #28852]  INFO -- : Redirected to http://localhost:3000/waiting/1
I, [2012-12-18T13:41:17.779094 #28852]  INFO -- : Completed 302 Found in 85ms (ActiveRecord: 43.2ms)
I, [2012-12-18T13:41:17.788279 #28852]  INFO -- : Processing by WelcomeController#waiting as HTML
I, [2012-12-18T13:41:17.788408 #28852]  INFO -- :   Parameters: {"id"=>"1"}
I, [2012-12-18T13:41:17.792214 #28852]  INFO -- :   Rendered welcome/waiting.html.erb within layouts/application (0.4ms)
I, [2012-12-18T13:41:17.801803 #28852]  INFO -- : Completed 200 OK in 13ms (Views: 11.2ms | ActiveRecord: 0.5ms)
I, [2012-12-18T13:41:19.256618 #28852]  INFO -- : Processing by WelcomeController#confirm_server_ready as JSON
I, [2012-12-18T13:41:19.256733 #28852]  INFO -- :   Parameters: {"id"=>"1"}
I, [2012-12-18T13:41:19.258331 #28852]  INFO -- : Completed 200 OK in 1ms (Views: 0.1ms | ActiveRecord: 0.1ms)
I, [2012-12-18T13:41:22.279076 #28852]  INFO -- : Processing by WelcomeController#confirm_server_ready as JSON
I, [2012-12-18T13:41:22.279419 #28852]  INFO -- :   Parameters: {"id"=>"1"}
I, [2012-12-18T13:41:22.287437 #28852]  INFO -- : Completed 200 OK in 8ms (Views: 0.3ms | ActiveRecord: 2.7ms)
I, [2012-12-18T13:45:01.081111 #28885]  INFO -- : Processing by WelcomeController#index as HTML
I, [2012-12-18T13:45:01.110370 #28885]  INFO -- :   Rendered welcome/_login.html.erb (1.7ms)
I, [2012-12-18T13:45:01.111624 #28885]  INFO -- :   Rendered welcome/_list.html.erb (0.6ms)
I, [2012-12-18T13:45:01.112424 #28885]  INFO -- :   Rendered welcome/index.html.erb within layouts/application (6.6ms)
I, [2012-12-18T13:45:01.428470 #28885]  INFO -- : Completed 200 OK in 347ms (Views: 201.3ms)
I, [2012-12-18T13:45:04.897202 #28885]  INFO -- : Processing by WelcomeController#login as HTML
I, [2012-12-18T13:45:04.897574 #28885]  INFO -- :   Parameters: {"utf8"=>"✓", "username"=>"SXQSQ", "commit"=>"Go!", "authenticity_token"=>"m/VEuim9FC/a7uLKu8T/8MNpg6XecZmhtBnyVEqzxVc="}
I, [2012-12-18T13:45:05.001564 #28885]  INFO -- : Redirected to http://localhost:3000/waiting/1
I, [2012-12-18T13:45:05.001789 #28885]  INFO -- : Completed 302 Found in 104ms (ActiveRecord: 54.6ms)
I, [2012-12-18T13:45:05.008850 #28885]  INFO -- : Processing by WelcomeController#waiting as HTML
I, [2012-12-18T13:45:05.008971 #28885]  INFO -- :   Parameters: {"id"=>"1"}
I, [2012-12-18T13:45:05.012658 #28885]  INFO -- :   Rendered welcome/waiting.html.erb within layouts/application (0.4ms)
I, [2012-12-18T13:45:05.022437 #28885]  INFO -- : Completed 200 OK in 13ms (Views: 11.3ms | ActiveRecord: 0.5ms)
I, [2012-12-18T13:45:06.321652 #28885]  INFO -- : Processing by WelcomeController#confirm_server_ready as JSON
I, [2012-12-18T13:45:06.321777 #28885]  INFO -- :   Parameters: {"id"=>"1"}
I, [2012-12-18T13:45:06.323367 #28885]  INFO -- : Completed 200 OK in 1ms (Views: 0.1ms | ActiveRecord: 0.2ms)
I, [2012-12-18T13:45:09.343613 #28885]  INFO -- : Processing by WelcomeController#confirm_server_ready as JSON
I, [2012-12-18T13:45:09.344112 #28885]  INFO -- :   Parameters: {"id"=>"1"}
I, [2012-12-18T13:45:09.352386 #28885]  INFO -- : Completed 200 OK in 8ms (Views: 0.3ms | ActiveRecord: 2.7ms)
